c:\_cppproject\qtutils\qtutils\debug\vc120.pdb
c:\_cppproject\qtutils\qtutils\debug\windowspathutil.obj
c:\_cppproject\qtutils\qtutils\debug\taskbarprogress.obj
c:\_cppproject\qtutils\qtutils\debug\settings.obj
c:\_cppproject\qtutils\qtutils\debug\qtutils.obj
c:\_cppproject\qtutils\qtutils\debug\qssutil.obj
c:\_cppproject\qtutils\qtutils\debug\messagepattern.obj
c:\_cppproject\qtutils\qtutils\debug\imagesplitter.obj
c:\_cppproject\qtutils\qtutils\debug\moc_expandtoolbutton.obj
c:\_cppproject\qtutils\qtutils\debug\moc_dirutil.obj
c:\_cppproject\qtutils\qtutils\debug\moc_customwidget.obj
c:\_cppproject\qtutils\qtutils\debug\moc_customtoolbutton.obj
c:\_cppproject\qtutils\qtutils\debug\moc_clickablelabel.obj
c:\_cppproject\qtutils\qtutils\debug\fileutil.obj
c:\_cppproject\qtutils\qtutils\debug\dirutil.obj
c:\_cppproject\qtutils\qtutils\debug\expandtoolbutton.obj
c:\_cppproject\qtutils\qtutils\debug\customwidget.obj
c:\_cppproject\qtutils\qtutils\debug\customtoolbutton.obj
c:\_cppproject\qtutils\qtutils\debug\clickablelabel.obj
c:\_cppproject\qtutils\qtutils\debug\applicationpanel.obj
c:\_cppproject\qtutils\qtutils\debug\qrc_style.obj
c:\_cppproject\qtutils\qtutils\generatedfiles\debug\moc_dirutil.cpp
c:\_cppproject\qtutils\qtutils\generatedfiles\debug\moc_customtoolbutton.cpp
c:\_cppproject\qtutils\qtutils\generatedfiles\debug\moc_customwidget.cpp
c:\_cppproject\qtutils\qtutils\generatedfiles\debug\moc_expandtoolbutton.cpp
c:\_cppproject\qtutils\qtutils\generatedfiles\debug\moc_clickablelabel.cpp
c:\_cppproject\qtutils\qtutils\generatedfiles\qrc_style.cpp
c:\_cppproject\qtutils\build\qtutils\win32\debug\qtutils.ilk
c:\_cppproject\qtutils\build\qtutils\win32\debug\qtutils.dll
c:\_cppproject\qtutils\build\qtutils\win32\debug\qtutils.pdb
c:\_cppproject\qtutils\build\qtutils\win32\debug\qtutils.lib
c:\_cppproject\qtutils\build\qtutils\win32\debug\qtutils.exp
c:\_cppproject\qtutils\qtutils\debug\qtutils.tlog\cl.command.1.tlog
c:\_cppproject\qtutils\qtutils\debug\qtutils.tlog\cl.read.1.tlog
c:\_cppproject\qtutils\qtutils\debug\qtutils.tlog\cl.write.1.tlog
c:\_cppproject\qtutils\qtutils\debug\qtutils.tlog\custombuild.command.1.tlog
c:\_cppproject\qtutils\qtutils\debug\qtutils.tlog\custombuild.read.1.tlog
c:\_cppproject\qtutils\qtutils\debug\qtutils.tlog\custombuild.write.1.tlog
c:\_cppproject\qtutils\qtutils\debug\qtutils.tlog\link.command.1.tlog
c:\_cppproject\qtutils\qtutils\debug\qtutils.tlog\link.read.1.tlog
c:\_cppproject\qtutils\qtutils\debug\qtutils.tlog\link.write.1.tlog
c:\_cppproject\qtutils\qtutils\debug\qtutils.tlog\qtutils.write.1u.tlog
